<?xml version="1.0" encoding="UTF-8"?>
<testsuite name="be.iesca.tests.Test_BiereDao" tests="6" skipped="0" failures="0" errors="0" timestamp="2022-02-17T11:24:47" hostname="LEGRANDO" time="0.799">
  <properties/>
  <testcase name="testAjouter()" classname="be.iesca.tests.Test_BiereDao" time="0.156"/>
  <testcase name="testLister()" classname="be.iesca.tests.Test_BiereDao" time="0.027"/>
  <testcase name="testRechercher()" classname="be.iesca.tests.Test_BiereDao" time="0.152"/>
  <testcase name="testModifier()" classname="be.iesca.tests.Test_BiereDao" time="0.082"/>
  <testcase name="testSupprimer()" classname="be.iesca.tests.Test_BiereDao" time="0.192"/>
  <testcase name="testListeTriee()" classname="be.iesca.tests.Test_BiereDao" time="0.187"/>
  <system-out><![CDATA[]]></system-out>
  <system-err><![CDATA[]]></system-err>
</testsuite>
